2025-12-23T09:22:43|INFO|hyper_app|proposed values settings.ini
2025-12-23T09:22:43|INFO|hyper_app|settings loaded from c:\Python Programs\ScopeFoundry Projects\Hyperspectral_microscope\Settings\settings.ini
2025-12-23T09:22:49|CRITICAL|root|Unhandled exception: Traceback (most recent call last):
  File "c:\Python Programs\ScopeFoundry Projects\Hyperspectral_microscope\hyperspectral_measure.py", line 277, in run
    self.image_gen.acq_start()
    ^^^^^^^^^^^^^^^^^^^^^^^^
AttributeError: 'PVcamHW' object has no attribute 'acq_start'

During handling of the above exception, another exception occurred:

Traceback (most recent call last):
  File "C:\Users\hyper\.conda\envs\IKOtwins\Lib\site-packages\ScopeFoundry\measurement.py", line 38, in run
    self.measurement._thread_run()
  File "C:\Users\hyper\.conda\envs\IKOtwins\Lib\site-packages\ScopeFoundry\measurement.py", line 254, in _thread_run
    self.run()
  File "c:\Python Programs\ScopeFoundry Projects\Hyperspectral_microscope\hyperspectral_measure.py", line 297, in run
    self.image_gen.acq_stop()
    ^^^^^^^^^^^^^^^^^^^^^^^
AttributeError: 'PVcamHW' object has no attribute 'acq_stop'

2025-12-23T09:24:37|CRITICAL|root|Unhandled exception: Traceback (most recent call last):
  File "C:\Users\hyper\.conda\envs\IKOtwins\Lib\site-packages\ScopeFoundry\helper_funcs.py", line 188, in eventFilter
    def eventFilter(self, obj, event):
    
KeyboardInterrupt

2025-12-23T09:24:39|INFO|hyper_app|on_close
2025-12-23T09:24:39|INFO|hyper_app|disconnecting PVcamHW
2025-12-23T09:24:39|INFO|hyper_app|disconnecting IKO_HW
