2025-12-23T08:43:27|INFO|hyper_app|proposed values settings.ini
2025-12-23T08:43:27|INFO|hyper_app|settings loaded from c:\Python Programs\ScopeFoundry Projects\Hyperspectral_microscope\Settings\settings.ini
2025-12-23T08:43:27|CRITICAL|root|Unhandled exception: Traceback (most recent call last):
  File "C:\Users\hyper\.conda\envs\IKOtwins\Lib\site-packages\pyvcam\camera.py", line 235, in open
    self.__handle = pvc.open_camera(self.__name)
                    ^^^^^^^^^^^^^^^^^^^^^^^^^^^^
RuntimeError: Driver device failed to write data (PL_ERR_DDI_DEVICE_WRITE_FAILED). Failed to write data, Error 31 (A device attached to the system is not functioning. )

The above exception was the direct cause of the following exception:

Traceback (most recent call last):
  File "C:\Users\hyper\.conda\envs\IKOtwins\Lib\site-packages\ScopeFoundry\hardware.py", line 113, in enable_connection
    raise err
  File "C:\Users\hyper\.conda\envs\IKOtwins\Lib\site-packages\ScopeFoundry\hardware.py", line 101, in enable_connection
    self.connect()
  File "c:\Python Programs\ScopeFoundry Projects\Teledyne_ScopeFoundry\CameraHW.py", line 76, in connect
    self.cam = PVcamDevice()
              ^^^^^^^^^^^^^
  File "c:\Python Programs\ScopeFoundry Projects\Teledyne_ScopeFoundry\CameraDevice.py", line 29, in __init__
    self.cam.open()
  File "C:\Users\hyper\.conda\envs\IKOtwins\Lib\site-packages\pyvcam\camera.py", line 238, in open
    raise RuntimeError('Failed to open camera.') from ex
RuntimeError: Failed to open camera.

2025-12-23T08:46:10|CRITICAL|root|Unhandled exception: Traceback (most recent call last):
  File "C:\Users\hyper\.conda\envs\IKOtwins\Lib\site-packages\ScopeFoundry\hardware.py", line 113, in enable_connection
    raise err
  File "C:\Users\hyper\.conda\envs\IKOtwins\Lib\site-packages\ScopeFoundry\hardware.py", line 101, in enable_connection
    self.connect()
  File "c:\Python Programs\ScopeFoundry Projects\Teledyne_ScopeFoundry\CameraHW.py", line 76, in connect
    self.cam = PVcamDevice()
              ^^^^^^^^^^^^^
  File "c:\Python Programs\ScopeFoundry Projects\Teledyne_ScopeFoundry\CameraDevice.py", line 26, in __init__
    pvc.init_pvcam()
RuntimeError: The initialization has been already done (PL_ERR_LIBRARY_ALREADY_INITIALIZED)

2025-12-23T08:55:27|CRITICAL|root|Unhandled exception: Traceback (most recent call last):
  File "C:\Users\hyper\.conda\envs\IKOtwins\Lib\site-packages\ScopeFoundry\helper_funcs.py", line 142, in eventFilter
    def eventFilter(self, obj, event):
    
KeyboardInterrupt

2025-12-23T08:55:29|INFO|hyper_app|on_close
2025-12-23T08:55:29|INFO|hyper_app|disconnecting PVcamhw
2025-12-23T08:55:29|INFO|hyper_app|disconnecting IKO_HW
