2025-12-23T09:05:59|INFO|hyper_app|proposed values settings.ini
2025-12-23T09:05:59|INFO|hyper_app|settings loaded from c:\Python Programs\ScopeFoundry Projects\Hyperspectral_microscope\Settings\settings.ini
2025-12-23T09:06:41|CRITICAL|root|Unhandled exception: Traceback (most recent call last):
  File "C:\Users\hyper\.conda\envs\IKOtwins\Lib\site-packages\pyvcam\camera.py", line 235, in open
    self.__handle = pvc.open_camera(self.__name)
                    ^^^^^^^^^^^^^^^^^^^^^^^^^^^^
RuntimeError: Driver device failed to write data (PL_ERR_DDI_DEVICE_WRITE_FAILED). Failed to write data, Error 121 (The semaphore timeout period has expired. )

The above exception was the direct cause of the following exception:

Traceback (most recent call last):
  File "C:\Users\hyper\.conda\envs\IKOtwins\Lib\site-packages\ScopeFoundry\hardware.py", line 113, in enable_connection
    raise err
  File "C:\Users\hyper\.conda\envs\IKOtwins\Lib\site-packages\ScopeFoundry\hardware.py", line 101, in enable_connection
    self.connect()
  File "c:\Python Programs\ScopeFoundry Projects\Teledyne_ScopeFoundry\CameraHW.py", line 76, in connect
    self.cam = PVcamDevice()
              ^^^^^^^^^^^^^
  File "c:\Python Programs\ScopeFoundry Projects\Teledyne_ScopeFoundry\CameraDevice.py", line 29, in __init__
    self.cam.open()
  File "C:\Users\hyper\.conda\envs\IKOtwins\Lib\site-packages\pyvcam\camera.py", line 238, in open
    raise RuntimeError('Failed to open camera.') from ex
RuntimeError: Failed to open camera.

