2025-12-23T08:34:32|INFO|hyper_app|proposed values settings.ini
2025-12-23T08:34:32|INFO|hyper_app|settings loaded from c:\Python Programs\ScopeFoundry Projects\Hyperspectral_microscope\Settings\settings.ini
2025-12-23T08:34:43|CRITICAL|root|Unhandled exception: Traceback (most recent call last):
  File "C:\Users\hyper\.conda\envs\IKOtwins\Lib\site-packages\ScopeFoundry\measurement.py", line 38, in run
    self.measurement._thread_run()
  File "C:\Users\hyper\.conda\envs\IKOtwins\Lib\site-packages\ScopeFoundry\measurement.py", line 254, in _thread_run
    self.run()
  File "C:\Users\hyper\.conda\envs\IKOtwins\Lib\site-packages\ScopeFoundry\measurement.py", line 222, in run
    raise NotImplementedError(f"Measurement {self.name}.run() not defined")
NotImplementedError: Measurement hyper.run() not defined

2025-12-23T08:34:43|ERROR|hyperMeasure|hyper failed to update display: 'hyperMeasure' object has no attribute 'frame_index'. Traceback (most recent call last):

  File "C:\Users\hyper\.conda\envs\IKOtwins\Lib\site-packages\ScopeFoundry\measurement.py", line 684, in _on_display_update_timer
    self.m.update_display()

  File "c:\Python Programs\ScopeFoundry Projects\Hyperspectral_microscope\hyperspectral_measure.py", line 107, in update_display
    self.settings['progress'] = (self.frame_index +1) * 100/length
                                 ^^^^^^^^^^^^^^^^

AttributeError: 'hyperMeasure' object has no attribute 'frame_index'

2025-12-23T08:43:17|INFO|hyper_app|on_close
2025-12-23T08:43:17|INFO|hyper_app|disconnecting PVcamhw
2025-12-23T08:43:17|INFO|hyper_app|disconnecting IKO_HW
